0 info it worked if it ends with ok
1 verbose cli [ 'node',
1 verbose cli   '/usr/local/bin/npm',
1 verbose cli   'install',
1 verbose cli   '-g',
1 verbose cli   'fis-parser-type-script' ]
2 info using npm@1.4.28
3 info using node@v0.10.35
4 verbose cache add [ 'fis-parser-type-script', null ]
5 verbose cache add name=undefined spec="fis-parser-type-script" args=["fis-parser-type-script",null]
6 verbose parsed url { protocol: null,
6 verbose parsed url   slashes: null,
6 verbose parsed url   auth: null,
6 verbose parsed url   host: null,
6 verbose parsed url   port: null,
6 verbose parsed url   hostname: null,
6 verbose parsed url   hash: null,
6 verbose parsed url   search: null,
6 verbose parsed url   query: null,
6 verbose parsed url   pathname: 'fis-parser-type-script',
6 verbose parsed url   path: 'fis-parser-type-script',
6 verbose parsed url   href: 'fis-parser-type-script' }
7 silly lockFile 99526237-fis-parser-type-script fis-parser-type-script
8 verbose lock fis-parser-type-script /Users/gaofei/.npm/99526237-fis-parser-type-script.lock
9 silly lockFile 99526237-fis-parser-type-script fis-parser-type-script
10 silly lockFile 99526237-fis-parser-type-script fis-parser-type-script
11 verbose addNamed [ 'fis-parser-type-script', '' ]
12 verbose addNamed [ null, '*' ]
13 silly lockFile 07650323-fis-parser-type-script fis-parser-type-script@
14 verbose lock fis-parser-type-script@ /Users/gaofei/.npm/07650323-fis-parser-type-script.lock
15 silly addNameRange { name: 'fis-parser-type-script', range: '*', hasData: false }
16 verbose request where is /fis-parser-type-script
17 verbose request registry https://registry.npmjs.org/
18 verbose request id 1f0355c7aeb46790
19 verbose url raw /fis-parser-type-script
20 verbose url resolving [ 'https://registry.npmjs.org/', './fis-parser-type-script' ]
21 verbose url resolved https://registry.npmjs.org/fis-parser-type-script
22 verbose request where is https://registry.npmjs.org/fis-parser-type-script
23 info trying registry request attempt 1 at 22:14:33
24 http GET https://registry.npmjs.org/fis-parser-type-script
25 http 200 https://registry.npmjs.org/fis-parser-type-script
26 silly registry.get cb [ 200,
26 silly registry.get   { server: 'CouchDB/1.5.0 (Erlang OTP/R16B03)',
26 silly registry.get     etag: '"9PKUPBHCVZ5GF0TMCDV4Y7ZKT"',
26 silly registry.get     'content-type': 'application/json',
26 silly registry.get     'cache-control': 'max-age=60',
26 silly registry.get     'content-length': '1927',
26 silly registry.get     'accept-ranges': 'bytes',
26 silly registry.get     date: 'Mon, 11 May 2015 14:14:30 GMT',
26 silly registry.get     via: '1.1 varnish',
26 silly registry.get     age: '0',
26 silly registry.get     connection: 'keep-alive',
26 silly registry.get     'x-served-by': 'cache-nrt6128-NRT',
26 silly registry.get     'x-cache': 'HIT',
26 silly registry.get     'x-cache-hits': '1',
26 silly registry.get     'x-timer': 'S1431353669.879124,VS0,VE414',
26 silly registry.get     vary: 'Accept' } ]
27 silly addNameRange number 2 { name: 'fis-parser-type-script', range: '*', hasData: true }
28 silly addNameRange versions [ 'fis-parser-type-script', [ '0.0.1' ] ]
29 verbose addNamed [ 'fis-parser-type-script', '0.0.1' ]
30 verbose addNamed [ '0.0.1', '0.0.1' ]
31 silly lockFile dbaed8ca-fis-parser-type-script-0-0-1 fis-parser-type-script@0.0.1
32 verbose lock fis-parser-type-script@0.0.1 /Users/gaofei/.npm/dbaed8ca-fis-parser-type-script-0-0-1.lock
33 silly lockFile dbaed8ca-fis-parser-type-script-0-0-1 fis-parser-type-script@0.0.1
34 silly lockFile dbaed8ca-fis-parser-type-script-0-0-1 fis-parser-type-script@0.0.1
35 silly lockFile 07650323-fis-parser-type-script fis-parser-type-script@
36 silly lockFile 07650323-fis-parser-type-script fis-parser-type-script@
37 silly resolved [ { name: 'fis-parser-type-script',
37 silly resolved     version: '0.0.1',
37 silly resolved     description: 'A parser plugin for fis to compile typescript.',
37 silly resolved     main: 'index.js',
37 silly resolved     scripts: { test: 'echo "Error: no test specified" && exit 1' },
37 silly resolved     repository:
37 silly resolved      { type: 'git',
37 silly resolved        url: 'https://github.com/strivek/fis-parser-type-script.git' },
37 silly resolved     keywords: [ '[', '"fis"', '"type-script"', ']' ],
37 silly resolved     engines: { node: '>= 0.8.0' },
37 silly resolved     dependencies: { typescript: '1.5.0-beta' },
37 silly resolved     author: { name: 'strivek' },
37 silly resolved     license: 'ISC',
37 silly resolved     bugs: { url: 'https://github.com/strivek/fis-parser-type-script/issues' },
37 silly resolved     homepage: 'https://github.com/strivek/fis-parser-type-script',
37 silly resolved     readme: '# fis-parser-type-script\nA parser plugin for fis to compile  typescript.\n',
37 silly resolved     readmeFilename: 'README.md',
37 silly resolved     gitHead: '92b95491cb4041b84902c946ae0f0452ba745cd4',
37 silly resolved     _id: 'fis-parser-type-script@0.0.1',
37 silly resolved     _shasum: '1516b6e7ca615fe7f08b13f01c656f41b5399bc4',
37 silly resolved     _from: 'fis-parser-type-script@' } ]
38 info install fis-parser-type-script@0.0.1 into /usr/local/lib
39 info installOne fis-parser-type-script@0.0.1
40 verbose lib/node_modules/fis-parser-type-script unbuild
41 verbose tar unpack /Users/gaofei/.npm/fis-parser-type-script/0.0.1/package.tgz
42 silly lockFile ef4e66f8-e-modules-fis-parser-type-script tar:///usr/local/lib/node_modules/fis-parser-type-script
43 verbose lock tar:///usr/local/lib/node_modules/fis-parser-type-script /Users/gaofei/.npm/ef4e66f8-e-modules-fis-parser-type-script.lock
44 silly lockFile ff8784f8-er-type-script-0-0-1-package-tgz tar:///Users/gaofei/.npm/fis-parser-type-script/0.0.1/package.tgz
45 verbose lock tar:///Users/gaofei/.npm/fis-parser-type-script/0.0.1/package.tgz /Users/gaofei/.npm/ff8784f8-er-type-script-0-0-1-package-tgz.lock
46 silly gunzTarPerm modes [ '755', '644' ]
47 error Error: EACCES, mkdir '/usr/local/lib/node_modules/fis-parser-type-script'
47 error  { [Error: EACCES, mkdir '/usr/local/lib/node_modules/fis-parser-type-script']
47 error   errno: 3,
47 error   code: 'EACCES',
47 error   path: '/usr/local/lib/node_modules/fis-parser-type-script',
47 error   fstream_type: 'Directory',
47 error   fstream_path: '/usr/local/lib/node_modules/fis-parser-type-script',
47 error   fstream_class: 'DirWriter',
47 error   fstream_stack:
47 error    [ '/usr/local/lib/node_modules/npm/node_modules/fstream/lib/dir-writer.js:36:23',
47 error      '/usr/local/lib/node_modules/npm/node_modules/mkdirp/index.js:46:53',
47 error      'Object.oncomplete (fs.js:108:15)' ] }
48 error Please try running this command again as root/Administrator.
49 error System Darwin 14.3.0
50 error command "node" "/usr/local/bin/npm" "install" "-g" "fis-parser-type-script"
51 error cwd /Users/gaofei/github/fis-parser-type-script
52 error node -v v0.10.35
53 error npm -v 1.4.28
54 error path /usr/local/lib/node_modules/fis-parser-type-script
55 error fstream_path /usr/local/lib/node_modules/fis-parser-type-script
56 error fstream_type Directory
57 error fstream_class DirWriter
58 error code EACCES
59 error errno 3
60 error stack Error: EACCES, mkdir '/usr/local/lib/node_modules/fis-parser-type-script'
61 error fstream_stack /usr/local/lib/node_modules/npm/node_modules/fstream/lib/dir-writer.js:36:23
61 error fstream_stack /usr/local/lib/node_modules/npm/node_modules/mkdirp/index.js:46:53
61 error fstream_stack Object.oncomplete (fs.js:108:15)
62 verbose exit [ 3, true ]
